Created by PLY version 3.11 (http://www.dabeaz.com/ply)

Grammar

Rule 0     S' -> expression
Rule 1     expression -> expression PLUS expression
Rule 2     expression -> expression MINUS expression
Rule 3     expression -> expression TIMES expression
Rule 4     expression -> expression DIVIDE expression
Rule 5     expression -> expression GT expression
Rule 6     expression -> expression LT expression
Rule 7     expression -> expression EQ expression
Rule 8     expression -> LPAREN expression RPAREN
Rule 9     expression -> COLUMN
Rule 10    expression -> STRING
Rule 11    expression -> NUMBER
Rule 12    expression -> IF LPAREN expression COMMA expression COMMA expression RPAREN
Rule 13    expression -> SUM LPAREN expression COMMA expression RPAREN
Rule 14    expression -> SUBTRACT LPAREN expression COMMA expression RPAREN
Rule 15    expression -> ADD LPAREN expression COMMA expression RPAREN
Rule 16    expression -> MULTIPLY LPAREN expression COMMA expression RPAREN
Rule 17    expression -> DIVIDE LPAREN expression COMMA expression RPAREN

Terminals, with rules where they appear

ADD                  : 15
COLUMN               : 9
COMMA                : 12 12 13 14 15 16 17
DIVIDE               : 4 17
EQ                   : 7
GT                   : 5
IF                   : 12
LPAREN               : 8 12 13 14 15 16 17
LT                   : 6
MINUS                : 2
MULTIPLY             : 16
NUMBER               : 11
PLUS                 : 1
RPAREN               : 8 12 13 14 15 16 17
STRING               : 10
SUBTRACT             : 14
SUM                  : 13
TIMES                : 3
error                : 

Nonterminals, with rules where they appear

expression           : 1 1 2 2 3 3 4 4 5 5 6 6 7 7 8 12 12 12 13 13 14 14 15 15 16 16 17 17 0

Parsing method: LALR

state 0

    (0) S' -> . expression
    (1) expression -> . expression PLUS expression
    (2) expression -> . expression MINUS expression
    (3) expression -> . expression TIMES expression
    (4) expression -> . expression DIVIDE expression
    (5) expression -> . expression GT expression
    (6) expression -> . expression LT expression
    (7) expression -> . expression EQ expression
    (8) expression -> . LPAREN expression RPAREN
    (9) expression -> . COLUMN
    (10) expression -> . STRING
    (11) expression -> . NUMBER
    (12) expression -> . IF LPAREN expression COMMA expression COMMA expression RPAREN
    (13) expression -> . SUM LPAREN expression COMMA expression RPAREN
    (14) expression -> . SUBTRACT LPAREN expression COMMA expression RPAREN
    (15) expression -> . ADD LPAREN expression COMMA expression RPAREN
    (16) expression -> . MULTIPLY LPAREN expression COMMA expression RPAREN
    (17) expression -> . DIVIDE LPAREN expression COMMA expression RPAREN

    LPAREN          shift and go to state 3
    COLUMN          shift and go to state 4
    STRING          shift and go to state 5
    NUMBER          shift and go to state 6
    IF              shift and go to state 7
    SUM             shift and go to state 8
    SUBTRACT        shift and go to state 9
    ADD             shift and go to state 10
    MULTIPLY        shift and go to state 11
    DIVIDE          shift and go to state 2

    expression                     shift and go to state 1

state 1

    (0) S' -> expression .
    (1) expression -> expression . PLUS expression
    (2) expression -> expression . MINUS expression
    (3) expression -> expression . TIMES expression
    (4) expression -> expression . DIVIDE expression
    (5) expression -> expression . GT expression
    (6) expression -> expression . LT expression
    (7) expression -> expression . EQ expression

    PLUS            shift and go to state 12
    MINUS           shift and go to state 13
    TIMES           shift and go to state 14
    DIVIDE          shift and go to state 15
    GT              shift and go to state 16
    LT              shift and go to state 17
    EQ              shift and go to state 18


state 2

    (17) expression -> DIVIDE . LPAREN expression COMMA expression RPAREN

    LPAREN          shift and go to state 19


state 3

    (8) expression -> LPAREN . expression RPAREN
    (1) expression -> . expression PLUS expression
    (2) expression -> . expression MINUS expression
    (3) expression -> . expression TIMES expression
    (4) expression -> . expression DIVIDE expression
    (5) expression -> . expression GT expression
    (6) expression -> . expression LT expression
    (7) expression -> . expression EQ expression
    (8) expression -> . LPAREN expression RPAREN
    (9) expression -> . COLUMN
    (10) expression -> . STRING
    (11) expression -> . NUMBER
    (12) expression -> . IF LPAREN expression COMMA expression COMMA expression RPAREN
    (13) expression -> . SUM LPAREN expression COMMA expression RPAREN
    (14) expression -> . SUBTRACT LPAREN expression COMMA expression RPAREN
    (15) expression -> . ADD LPAREN expression COMMA expression RPAREN
    (16) expression -> . MULTIPLY LPAREN expression COMMA expression RPAREN
    (17) expression -> . DIVIDE LPAREN expression COMMA expression RPAREN

    LPAREN          shift and go to state 3
    COLUMN          shift and go to state 4
    STRING          shift and go to state 5
    NUMBER          shift and go to state 6
    IF              shift and go to state 7
    SUM             shift and go to state 8
    SUBTRACT        shift and go to state 9
    ADD             shift and go to state 10
    MULTIPLY        shift and go to state 11
    DIVIDE          shift and go to state 2

    expression                     shift and go to state 20

state 4

    (9) expression -> COLUMN .

    PLUS            reduce using rule 9 (expression -> COLUMN .)
    MINUS           reduce using rule 9 (expression -> COLUMN .)
    TIMES           reduce using rule 9 (expression -> COLUMN .)
    DIVIDE          reduce using rule 9 (expression -> COLUMN .)
    GT              reduce using rule 9 (expression -> COLUMN .)
    LT              reduce using rule 9 (expression -> COLUMN .)
    EQ              reduce using rule 9 (expression -> COLUMN .)
    $end            reduce using rule 9 (expression -> COLUMN .)
    RPAREN          reduce using rule 9 (expression -> COLUMN .)
    COMMA           reduce using rule 9 (expression -> COLUMN .)


state 5

    (10) expression -> STRING .

    PLUS            reduce using rule 10 (expression -> STRING .)
    MINUS           reduce using rule 10 (expression -> STRING .)
    TIMES           reduce using rule 10 (expression -> STRING .)
    DIVIDE          reduce using rule 10 (expression -> STRING .)
    GT              reduce using rule 10 (expression -> STRING .)
    LT              reduce using rule 10 (expression -> STRING .)
    EQ              reduce using rule 10 (expression -> STRING .)
    $end            reduce using rule 10 (expression -> STRING .)
    RPAREN          reduce using rule 10 (expression -> STRING .)
    COMMA           reduce using rule 10 (expression -> STRING .)


state 6

    (11) expression -> NUMBER .

    PLUS            reduce using rule 11 (expression -> NUMBER .)
    MINUS           reduce using rule 11 (expression -> NUMBER .)
    TIMES           reduce using rule 11 (expression -> NUMBER .)
    DIVIDE          reduce using rule 11 (expression -> NUMBER .)
    GT              reduce using rule 11 (expression -> NUMBER .)
    LT              reduce using rule 11 (expression -> NUMBER .)
    EQ              reduce using rule 11 (expression -> NUMBER .)
    $end            reduce using rule 11 (expression -> NUMBER .)
    RPAREN          reduce using rule 11 (expression -> NUMBER .)
    COMMA           reduce using rule 11 (expression -> NUMBER .)


state 7

    (12) expression -> IF . LPAREN expression COMMA expression COMMA expression RPAREN

    LPAREN          shift and go to state 21


state 8

    (13) expression -> SUM . LPAREN expression COMMA expression RPAREN

    LPAREN          shift and go to state 22


state 9

    (14) expression -> SUBTRACT . LPAREN expression COMMA expression RPAREN

    LPAREN          shift and go to state 23


state 10

    (15) expression -> ADD . LPAREN expression COMMA expression RPAREN

    LPAREN          shift and go to state 24


state 11

    (16) expression -> MULTIPLY . LPAREN expression COMMA expression RPAREN

    LPAREN          shift and go to state 25


state 12

    (1) expression -> expression PLUS . expression
    (1) expression -> . expression PLUS expression
    (2) expression -> . expression MINUS expression
    (3) expression -> . expression TIMES expression
    (4) expression -> . expression DIVIDE expression
    (5) expression -> . expression GT expression
    (6) expression -> . expression LT expression
    (7) expression -> . expression EQ expression
    (8) expression -> . LPAREN expression RPAREN
    (9) expression -> . COLUMN
    (10) expression -> . STRING
    (11) expression -> . NUMBER
    (12) expression -> . IF LPAREN expression COMMA expression COMMA expression RPAREN
    (13) expression -> . SUM LPAREN expression COMMA expression RPAREN
    (14) expression -> . SUBTRACT LPAREN expression COMMA expression RPAREN
    (15) expression -> . ADD LPAREN expression COMMA expression RPAREN
    (16) expression -> . MULTIPLY LPAREN expression COMMA expression RPAREN
    (17) expression -> . DIVIDE LPAREN expression COMMA expression RPAREN

    LPAREN          shift and go to state 3
    COLUMN          shift and go to state 4
    STRING          shift and go to state 5
    NUMBER          shift and go to state 6
    IF              shift and go to state 7
    SUM             shift and go to state 8
    SUBTRACT        shift and go to state 9
    ADD             shift and go to state 10
    MULTIPLY        shift and go to state 11
    DIVIDE          shift and go to state 2

    expression                     shift and go to state 26

state 13

    (2) expression -> expression MINUS . expression
    (1) expression -> . expression PLUS expression
    (2) expression -> . expression MINUS expression
    (3) expression -> . expression TIMES expression
    (4) expression -> . expression DIVIDE expression
    (5) expression -> . expression GT expression
    (6) expression -> . expression LT expression
    (7) expression -> . expression EQ expression
    (8) expression -> . LPAREN expression RPAREN
    (9) expression -> . COLUMN
    (10) expression -> . STRING
    (11) expression -> . NUMBER
    (12) expression -> . IF LPAREN expression COMMA expression COMMA expression RPAREN
    (13) expression -> . SUM LPAREN expression COMMA expression RPAREN
    (14) expression -> . SUBTRACT LPAREN expression COMMA expression RPAREN
    (15) expression -> . ADD LPAREN expression COMMA expression RPAREN
    (16) expression -> . MULTIPLY LPAREN expression COMMA expression RPAREN
    (17) expression -> . DIVIDE LPAREN expression COMMA expression RPAREN

    LPAREN          shift and go to state 3
    COLUMN          shift and go to state 4
    STRING          shift and go to state 5
    NUMBER          shift and go to state 6
    IF              shift and go to state 7
    SUM             shift and go to state 8
    SUBTRACT        shift and go to state 9
    ADD             shift and go to state 10
    MULTIPLY        shift and go to state 11
    DIVIDE          shift and go to state 2

    expression                     shift and go to state 27

state 14

    (3) expression -> expression TIMES . expression
    (1) expression -> . expression PLUS expression
    (2) expression -> . expression MINUS expression
    (3) expression -> . expression TIMES expression
    (4) expression -> . expression DIVIDE expression
    (5) expression -> . expression GT expression
    (6) expression -> . expression LT expression
    (7) expression -> . expression EQ expression
    (8) expression -> . LPAREN expression RPAREN
    (9) expression -> . COLUMN
    (10) expression -> . STRING
    (11) expression -> . NUMBER
    (12) expression -> . IF LPAREN expression COMMA expression COMMA expression RPAREN
    (13) expression -> . SUM LPAREN expression COMMA expression RPAREN
    (14) expression -> . SUBTRACT LPAREN expression COMMA expression RPAREN
    (15) expression -> . ADD LPAREN expression COMMA expression RPAREN
    (16) expression -> . MULTIPLY LPAREN expression COMMA expression RPAREN
    (17) expression -> . DIVIDE LPAREN expression COMMA expression RPAREN

    LPAREN          shift and go to state 3
    COLUMN          shift and go to state 4
    STRING          shift and go to state 5
    NUMBER          shift and go to state 6
    IF              shift and go to state 7
    SUM             shift and go to state 8
    SUBTRACT        shift and go to state 9
    ADD             shift and go to state 10
    MULTIPLY        shift and go to state 11
    DIVIDE          shift and go to state 2

    expression                     shift and go to state 28

state 15

    (4) expression -> expression DIVIDE . expression
    (1) expression -> . expression PLUS expression
    (2) expression -> . expression MINUS expression
    (3) expression -> . expression TIMES expression
    (4) expression -> . expression DIVIDE expression
    (5) expression -> . expression GT expression
    (6) expression -> . expression LT expression
    (7) expression -> . expression EQ expression
    (8) expression -> . LPAREN expression RPAREN
    (9) expression -> . COLUMN
    (10) expression -> . STRING
    (11) expression -> . NUMBER
    (12) expression -> . IF LPAREN expression COMMA expression COMMA expression RPAREN
    (13) expression -> . SUM LPAREN expression COMMA expression RPAREN
    (14) expression -> . SUBTRACT LPAREN expression COMMA expression RPAREN
    (15) expression -> . ADD LPAREN expression COMMA expression RPAREN
    (16) expression -> . MULTIPLY LPAREN expression COMMA expression RPAREN
    (17) expression -> . DIVIDE LPAREN expression COMMA expression RPAREN

    LPAREN          shift and go to state 3
    COLUMN          shift and go to state 4
    STRING          shift and go to state 5
    NUMBER          shift and go to state 6
    IF              shift and go to state 7
    SUM             shift and go to state 8
    SUBTRACT        shift and go to state 9
    ADD             shift and go to state 10
    MULTIPLY        shift and go to state 11
    DIVIDE          shift and go to state 2

    expression                     shift and go to state 29

state 16

    (5) expression -> expression GT . expression
    (1) expression -> . expression PLUS expression
    (2) expression -> . expression MINUS expression
    (3) expression -> . expression TIMES expression
    (4) expression -> . expression DIVIDE expression
    (5) expression -> . expression GT expression
    (6) expression -> . expression LT expression
    (7) expression -> . expression EQ expression
    (8) expression -> . LPAREN expression RPAREN
    (9) expression -> . COLUMN
    (10) expression -> . STRING
    (11) expression -> . NUMBER
    (12) expression -> . IF LPAREN expression COMMA expression COMMA expression RPAREN
    (13) expression -> . SUM LPAREN expression COMMA expression RPAREN
    (14) expression -> . SUBTRACT LPAREN expression COMMA expression RPAREN
    (15) expression -> . ADD LPAREN expression COMMA expression RPAREN
    (16) expression -> . MULTIPLY LPAREN expression COMMA expression RPAREN
    (17) expression -> . DIVIDE LPAREN expression COMMA expression RPAREN

    LPAREN          shift and go to state 3
    COLUMN          shift and go to state 4
    STRING          shift and go to state 5
    NUMBER          shift and go to state 6
    IF              shift and go to state 7
    SUM             shift and go to state 8
    SUBTRACT        shift and go to state 9
    ADD             shift and go to state 10
    MULTIPLY        shift and go to state 11
    DIVIDE          shift and go to state 2

    expression                     shift and go to state 30

state 17

    (6) expression -> expression LT . expression
    (1) expression -> . expression PLUS expression
    (2) expression -> . expression MINUS expression
    (3) expression -> . expression TIMES expression
    (4) expression -> . expression DIVIDE expression
    (5) expression -> . expression GT expression
    (6) expression -> . expression LT expression
    (7) expression -> . expression EQ expression
    (8) expression -> . LPAREN expression RPAREN
    (9) expression -> . COLUMN
    (10) expression -> . STRING
    (11) expression -> . NUMBER
    (12) expression -> . IF LPAREN expression COMMA expression COMMA expression RPAREN
    (13) expression -> . SUM LPAREN expression COMMA expression RPAREN
    (14) expression -> . SUBTRACT LPAREN expression COMMA expression RPAREN
    (15) expression -> . ADD LPAREN expression COMMA expression RPAREN
    (16) expression -> . MULTIPLY LPAREN expression COMMA expression RPAREN
    (17) expression -> . DIVIDE LPAREN expression COMMA expression RPAREN

    LPAREN          shift and go to state 3
    COLUMN          shift and go to state 4
    STRING          shift and go to state 5
    NUMBER          shift and go to state 6
    IF              shift and go to state 7
    SUM             shift and go to state 8
    SUBTRACT        shift and go to state 9
    ADD             shift and go to state 10
    MULTIPLY        shift and go to state 11
    DIVIDE          shift and go to state 2

    expression                     shift and go to state 31

state 18

    (7) expression -> expression EQ . expression
    (1) expression -> . expression PLUS expression
    (2) expression -> . expression MINUS expression
    (3) expression -> . expression TIMES expression
    (4) expression -> . expression DIVIDE expression
    (5) expression -> . expression GT expression
    (6) expression -> . expression LT expression
    (7) expression -> . expression EQ expression
    (8) expression -> . LPAREN expression RPAREN
    (9) expression -> . COLUMN
    (10) expression -> . STRING
    (11) expression -> . NUMBER
    (12) expression -> . IF LPAREN expression COMMA expression COMMA expression RPAREN
    (13) expression -> . SUM LPAREN expression COMMA expression RPAREN
    (14) expression -> . SUBTRACT LPAREN expression COMMA expression RPAREN
    (15) expression -> . ADD LPAREN expression COMMA expression RPAREN
    (16) expression -> . MULTIPLY LPAREN expression COMMA expression RPAREN
    (17) expression -> . DIVIDE LPAREN expression COMMA expression RPAREN

    LPAREN          shift and go to state 3
    COLUMN          shift and go to state 4
    STRING          shift and go to state 5
    NUMBER          shift and go to state 6
    IF              shift and go to state 7
    SUM             shift and go to state 8
    SUBTRACT        shift and go to state 9
    ADD             shift and go to state 10
    MULTIPLY        shift and go to state 11
    DIVIDE          shift and go to state 2

    expression                     shift and go to state 32

state 19

    (17) expression -> DIVIDE LPAREN . expression COMMA expression RPAREN
    (1) expression -> . expression PLUS expression
    (2) expression -> . expression MINUS expression
    (3) expression -> . expression TIMES expression
    (4) expression -> . expression DIVIDE expression
    (5) expression -> . expression GT expression
    (6) expression -> . expression LT expression
    (7) expression -> . expression EQ expression
    (8) expression -> . LPAREN expression RPAREN
    (9) expression -> . COLUMN
    (10) expression -> . STRING
    (11) expression -> . NUMBER
    (12) expression -> . IF LPAREN expression COMMA expression COMMA expression RPAREN
    (13) expression -> . SUM LPAREN expression COMMA expression RPAREN
    (14) expression -> . SUBTRACT LPAREN expression COMMA expression RPAREN
    (15) expression -> . ADD LPAREN expression COMMA expression RPAREN
    (16) expression -> . MULTIPLY LPAREN expression COMMA expression RPAREN
    (17) expression -> . DIVIDE LPAREN expression COMMA expression RPAREN

    LPAREN          shift and go to state 3
    COLUMN          shift and go to state 4
    STRING          shift and go to state 5
    NUMBER          shift and go to state 6
    IF              shift and go to state 7
    SUM             shift and go to state 8
    SUBTRACT        shift and go to state 9
    ADD             shift and go to state 10
    MULTIPLY        shift and go to state 11
    DIVIDE          shift and go to state 2

    expression                     shift and go to state 33

state 20

    (8) expression -> LPAREN expression . RPAREN
    (1) expression -> expression . PLUS expression
    (2) expression -> expression . MINUS expression
    (3) expression -> expression . TIMES expression
    (4) expression -> expression . DIVIDE expression
    (5) expression -> expression . GT expression
    (6) expression -> expression . LT expression
    (7) expression -> expression . EQ expression

    RPAREN          shift and go to state 34
    PLUS            shift and go to state 12
    MINUS           shift and go to state 13
    TIMES           shift and go to state 14
    DIVIDE          shift and go to state 15
    GT              shift and go to state 16
    LT              shift and go to state 17
    EQ              shift and go to state 18


state 21

    (12) expression -> IF LPAREN . expression COMMA expression COMMA expression RPAREN
    (1) expression -> . expression PLUS expression
    (2) expression -> . expression MINUS expression
    (3) expression -> . expression TIMES expression
    (4) expression -> . expression DIVIDE expression
    (5) expression -> . expression GT expression
    (6) expression -> . expression LT expression
    (7) expression -> . expression EQ expression
    (8) expression -> . LPAREN expression RPAREN
    (9) expression -> . COLUMN
    (10) expression -> . STRING
    (11) expression -> . NUMBER
    (12) expression -> . IF LPAREN expression COMMA expression COMMA expression RPAREN
    (13) expression -> . SUM LPAREN expression COMMA expression RPAREN
    (14) expression -> . SUBTRACT LPAREN expression COMMA expression RPAREN
    (15) expression -> . ADD LPAREN expression COMMA expression RPAREN
    (16) expression -> . MULTIPLY LPAREN expression COMMA expression RPAREN
    (17) expression -> . DIVIDE LPAREN expression COMMA expression RPAREN

    LPAREN          shift and go to state 3
    COLUMN          shift and go to state 4
    STRING          shift and go to state 5
    NUMBER          shift and go to state 6
    IF              shift and go to state 7
    SUM             shift and go to state 8
    SUBTRACT        shift and go to state 9
    ADD             shift and go to state 10
    MULTIPLY        shift and go to state 11
    DIVIDE          shift and go to state 2

    expression                     shift and go to state 35

state 22

    (13) expression -> SUM LPAREN . expression COMMA expression RPAREN
    (1) expression -> . expression PLUS expression
    (2) expression -> . expression MINUS expression
    (3) expression -> . expression TIMES expression
    (4) expression -> . expression DIVIDE expression
    (5) expression -> . expression GT expression
    (6) expression -> . expression LT expression
    (7) expression -> . expression EQ expression
    (8) expression -> . LPAREN expression RPAREN
    (9) expression -> . COLUMN
    (10) expression -> . STRING
    (11) expression -> . NUMBER
    (12) expression -> . IF LPAREN expression COMMA expression COMMA expression RPAREN
    (13) expression -> . SUM LPAREN expression COMMA expression RPAREN
    (14) expression -> . SUBTRACT LPAREN expression COMMA expression RPAREN
    (15) expression -> . ADD LPAREN expression COMMA expression RPAREN
    (16) expression -> . MULTIPLY LPAREN expression COMMA expression RPAREN
    (17) expression -> . DIVIDE LPAREN expression COMMA expression RPAREN

    LPAREN          shift and go to state 3
    COLUMN          shift and go to state 4
    STRING          shift and go to state 5
    NUMBER          shift and go to state 6
    IF              shift and go to state 7
    SUM             shift and go to state 8
    SUBTRACT        shift and go to state 9
    ADD             shift and go to state 10
    MULTIPLY        shift and go to state 11
    DIVIDE          shift and go to state 2

    expression                     shift and go to state 36

state 23

    (14) expression -> SUBTRACT LPAREN . expression COMMA expression RPAREN
    (1) expression -> . expression PLUS expression
    (2) expression -> . expression MINUS expression
    (3) expression -> . expression TIMES expression
    (4) expression -> . expression DIVIDE expression
    (5) expression -> . expression GT expression
    (6) expression -> . expression LT expression
    (7) expression -> . expression EQ expression
    (8) expression -> . LPAREN expression RPAREN
    (9) expression -> . COLUMN
    (10) expression -> . STRING
    (11) expression -> . NUMBER
    (12) expression -> . IF LPAREN expression COMMA expression COMMA expression RPAREN
    (13) expression -> . SUM LPAREN expression COMMA expression RPAREN
    (14) expression -> . SUBTRACT LPAREN expression COMMA expression RPAREN
    (15) expression -> . ADD LPAREN expression COMMA expression RPAREN
    (16) expression -> . MULTIPLY LPAREN expression COMMA expression RPAREN
    (17) expression -> . DIVIDE LPAREN expression COMMA expression RPAREN

    LPAREN          shift and go to state 3
    COLUMN          shift and go to state 4
    STRING          shift and go to state 5
    NUMBER          shift and go to state 6
    IF              shift and go to state 7
    SUM             shift and go to state 8
    SUBTRACT        shift and go to state 9
    ADD             shift and go to state 10
    MULTIPLY        shift and go to state 11
    DIVIDE          shift and go to state 2

    expression                     shift and go to state 37

state 24

    (15) expression -> ADD LPAREN . expression COMMA expression RPAREN
    (1) expression -> . expression PLUS expression
    (2) expression -> . expression MINUS expression
    (3) expression -> . expression TIMES expression
    (4) expression -> . expression DIVIDE expression
    (5) expression -> . expression GT expression
    (6) expression -> . expression LT expression
    (7) expression -> . expression EQ expression
    (8) expression -> . LPAREN expression RPAREN
    (9) expression -> . COLUMN
    (10) expression -> . STRING
    (11) expression -> . NUMBER
    (12) expression -> . IF LPAREN expression COMMA expression COMMA expression RPAREN
    (13) expression -> . SUM LPAREN expression COMMA expression RPAREN
    (14) expression -> . SUBTRACT LPAREN expression COMMA expression RPAREN
    (15) expression -> . ADD LPAREN expression COMMA expression RPAREN
    (16) expression -> . MULTIPLY LPAREN expression COMMA expression RPAREN
    (17) expression -> . DIVIDE LPAREN expression COMMA expression RPAREN

    LPAREN          shift and go to state 3
    COLUMN          shift and go to state 4
    STRING          shift and go to state 5
    NUMBER          shift and go to state 6
    IF              shift and go to state 7
    SUM             shift and go to state 8
    SUBTRACT        shift and go to state 9
    ADD             shift and go to state 10
    MULTIPLY        shift and go to state 11
    DIVIDE          shift and go to state 2

    expression                     shift and go to state 38

state 25

    (16) expression -> MULTIPLY LPAREN . expression COMMA expression RPAREN
    (1) expression -> . expression PLUS expression
    (2) expression -> . expression MINUS expression
    (3) expression -> . expression TIMES expression
    (4) expression -> . expression DIVIDE expression
    (5) expression -> . expression GT expression
    (6) expression -> . expression LT expression
    (7) expression -> . expression EQ expression
    (8) expression -> . LPAREN expression RPAREN
    (9) expression -> . COLUMN
    (10) expression -> . STRING
    (11) expression -> . NUMBER
    (12) expression -> . IF LPAREN expression COMMA expression COMMA expression RPAREN
    (13) expression -> . SUM LPAREN expression COMMA expression RPAREN
    (14) expression -> . SUBTRACT LPAREN expression COMMA expression RPAREN
    (15) expression -> . ADD LPAREN expression COMMA expression RPAREN
    (16) expression -> . MULTIPLY LPAREN expression COMMA expression RPAREN
    (17) expression -> . DIVIDE LPAREN expression COMMA expression RPAREN

    LPAREN          shift and go to state 3
    COLUMN          shift and go to state 4
    STRING          shift and go to state 5
    NUMBER          shift and go to state 6
    IF              shift and go to state 7
    SUM             shift and go to state 8
    SUBTRACT        shift and go to state 9
    ADD             shift and go to state 10
    MULTIPLY        shift and go to state 11
    DIVIDE          shift and go to state 2

    expression                     shift and go to state 39

state 26

    (1) expression -> expression PLUS expression .
    (1) expression -> expression . PLUS expression
    (2) expression -> expression . MINUS expression
    (3) expression -> expression . TIMES expression
    (4) expression -> expression . DIVIDE expression
    (5) expression -> expression . GT expression
    (6) expression -> expression . LT expression
    (7) expression -> expression . EQ expression

    PLUS            reduce using rule 1 (expression -> expression PLUS expression .)
    MINUS           reduce using rule 1 (expression -> expression PLUS expression .)
    $end            reduce using rule 1 (expression -> expression PLUS expression .)
    RPAREN          reduce using rule 1 (expression -> expression PLUS expression .)
    COMMA           reduce using rule 1 (expression -> expression PLUS expression .)
    TIMES           shift and go to state 14
    DIVIDE          shift and go to state 15
    GT              shift and go to state 16
    LT              shift and go to state 17
    EQ              shift and go to state 18

  ! TIMES           [ reduce using rule 1 (expression -> expression PLUS expression .) ]
  ! DIVIDE          [ reduce using rule 1 (expression -> expression PLUS expression .) ]
  ! GT              [ reduce using rule 1 (expression -> expression PLUS expression .) ]
  ! LT              [ reduce using rule 1 (expression -> expression PLUS expression .) ]
  ! EQ              [ reduce using rule 1 (expression -> expression PLUS expression .) ]
  ! PLUS            [ shift and go to state 12 ]
  ! MINUS           [ shift and go to state 13 ]


state 27

    (2) expression -> expression MINUS expression .
    (1) expression -> expression . PLUS expression
    (2) expression -> expression . MINUS expression
    (3) expression -> expression . TIMES expression
    (4) expression -> expression . DIVIDE expression
    (5) expression -> expression . GT expression
    (6) expression -> expression . LT expression
    (7) expression -> expression . EQ expression

    PLUS            reduce using rule 2 (expression -> expression MINUS expression .)
    MINUS           reduce using rule 2 (expression -> expression MINUS expression .)
    $end            reduce using rule 2 (expression -> expression MINUS expression .)
    RPAREN          reduce using rule 2 (expression -> expression MINUS expression .)
    COMMA           reduce using rule 2 (expression -> expression MINUS expression .)
    TIMES           shift and go to state 14
    DIVIDE          shift and go to state 15
    GT              shift and go to state 16
    LT              shift and go to state 17
    EQ              shift and go to state 18

  ! TIMES           [ reduce using rule 2 (expression -> expression MINUS expression .) ]
  ! DIVIDE          [ reduce using rule 2 (expression -> expression MINUS expression .) ]
  ! GT              [ reduce using rule 2 (expression -> expression MINUS expression .) ]
  ! LT              [ reduce using rule 2 (expression -> expression MINUS expression .) ]
  ! EQ              [ reduce using rule 2 (expression -> expression MINUS expression .) ]
  ! PLUS            [ shift and go to state 12 ]
  ! MINUS           [ shift and go to state 13 ]


state 28

    (3) expression -> expression TIMES expression .
    (1) expression -> expression . PLUS expression
    (2) expression -> expression . MINUS expression
    (3) expression -> expression . TIMES expression
    (4) expression -> expression . DIVIDE expression
    (5) expression -> expression . GT expression
    (6) expression -> expression . LT expression
    (7) expression -> expression . EQ expression

    PLUS            reduce using rule 3 (expression -> expression TIMES expression .)
    MINUS           reduce using rule 3 (expression -> expression TIMES expression .)
    TIMES           reduce using rule 3 (expression -> expression TIMES expression .)
    DIVIDE          reduce using rule 3 (expression -> expression TIMES expression .)
    $end            reduce using rule 3 (expression -> expression TIMES expression .)
    RPAREN          reduce using rule 3 (expression -> expression TIMES expression .)
    COMMA           reduce using rule 3 (expression -> expression TIMES expression .)
    GT              shift and go to state 16
    LT              shift and go to state 17
    EQ              shift and go to state 18

  ! GT              [ reduce using rule 3 (expression -> expression TIMES expression .) ]
  ! LT              [ reduce using rule 3 (expression -> expression TIMES expression .) ]
  ! EQ              [ reduce using rule 3 (expression -> expression TIMES expression .) ]
  ! PLUS            [ shift and go to state 12 ]
  ! MINUS           [ shift and go to state 13 ]
  ! TIMES           [ shift and go to state 14 ]
  ! DIVIDE          [ shift and go to state 15 ]


state 29

    (4) expression -> expression DIVIDE expression .
    (1) expression -> expression . PLUS expression
    (2) expression -> expression . MINUS expression
    (3) expression -> expression . TIMES expression
    (4) expression -> expression . DIVIDE expression
    (5) expression -> expression . GT expression
    (6) expression -> expression . LT expression
    (7) expression -> expression . EQ expression

    PLUS            reduce using rule 4 (expression -> expression DIVIDE expression .)
    MINUS           reduce using rule 4 (expression -> expression DIVIDE expression .)
    TIMES           reduce using rule 4 (expression -> expression DIVIDE expression .)
    DIVIDE          reduce using rule 4 (expression -> expression DIVIDE expression .)
    $end            reduce using rule 4 (expression -> expression DIVIDE expression .)
    RPAREN          reduce using rule 4 (expression -> expression DIVIDE expression .)
    COMMA           reduce using rule 4 (expression -> expression DIVIDE expression .)
    GT              shift and go to state 16
    LT              shift and go to state 17
    EQ              shift and go to state 18

  ! GT              [ reduce using rule 4 (expression -> expression DIVIDE expression .) ]
  ! LT              [ reduce using rule 4 (expression -> expression DIVIDE expression .) ]
  ! EQ              [ reduce using rule 4 (expression -> expression DIVIDE expression .) ]
  ! PLUS            [ shift and go to state 12 ]
  ! MINUS           [ shift and go to state 13 ]
  ! TIMES           [ shift and go to state 14 ]
  ! DIVIDE          [ shift and go to state 15 ]


state 30

    (5) expression -> expression GT expression .
    (1) expression -> expression . PLUS expression
    (2) expression -> expression . MINUS expression
    (3) expression -> expression . TIMES expression
    (4) expression -> expression . DIVIDE expression
    (5) expression -> expression . GT expression
    (6) expression -> expression . LT expression
    (7) expression -> expression . EQ expression

    PLUS            reduce using rule 5 (expression -> expression GT expression .)
    MINUS           reduce using rule 5 (expression -> expression GT expression .)
    TIMES           reduce using rule 5 (expression -> expression GT expression .)
    DIVIDE          reduce using rule 5 (expression -> expression GT expression .)
    GT              reduce using rule 5 (expression -> expression GT expression .)
    LT              reduce using rule 5 (expression -> expression GT expression .)
    EQ              reduce using rule 5 (expression -> expression GT expression .)
    $end            reduce using rule 5 (expression -> expression GT expression .)
    RPAREN          reduce using rule 5 (expression -> expression GT expression .)
    COMMA           reduce using rule 5 (expression -> expression GT expression .)

  ! PLUS            [ shift and go to state 12 ]
  ! MINUS           [ shift and go to state 13 ]
  ! TIMES           [ shift and go to state 14 ]
  ! DIVIDE          [ shift and go to state 15 ]
  ! GT              [ shift and go to state 16 ]
  ! LT              [ shift and go to state 17 ]
  ! EQ              [ shift and go to state 18 ]


state 31

    (6) expression -> expression LT expression .
    (1) expression -> expression . PLUS expression
    (2) expression -> expression . MINUS expression
    (3) expression -> expression . TIMES expression
    (4) expression -> expression . DIVIDE expression
    (5) expression -> expression . GT expression
    (6) expression -> expression . LT expression
    (7) expression -> expression . EQ expression

    PLUS            reduce using rule 6 (expression -> expression LT expression .)
    MINUS           reduce using rule 6 (expression -> expression LT expression .)
    TIMES           reduce using rule 6 (expression -> expression LT expression .)
    DIVIDE          reduce using rule 6 (expression -> expression LT expression .)
    GT              reduce using rule 6 (expression -> expression LT expression .)
    LT              reduce using rule 6 (expression -> expression LT expression .)
    EQ              reduce using rule 6 (expression -> expression LT expression .)
    $end            reduce using rule 6 (expression -> expression LT expression .)
    RPAREN          reduce using rule 6 (expression -> expression LT expression .)
    COMMA           reduce using rule 6 (expression -> expression LT expression .)

  ! PLUS            [ shift and go to state 12 ]
  ! MINUS           [ shift and go to state 13 ]
  ! TIMES           [ shift and go to state 14 ]
  ! DIVIDE          [ shift and go to state 15 ]
  ! GT              [ shift and go to state 16 ]
  ! LT              [ shift and go to state 17 ]
  ! EQ              [ shift and go to state 18 ]


state 32

    (7) expression -> expression EQ expression .
    (1) expression -> expression . PLUS expression
    (2) expression -> expression . MINUS expression
    (3) expression -> expression . TIMES expression
    (4) expression -> expression . DIVIDE expression
    (5) expression -> expression . GT expression
    (6) expression -> expression . LT expression
    (7) expression -> expression . EQ expression

    PLUS            reduce using rule 7 (expression -> expression EQ expression .)
    MINUS           reduce using rule 7 (expression -> expression EQ expression .)
    TIMES           reduce using rule 7 (expression -> expression EQ expression .)
    DIVIDE          reduce using rule 7 (expression -> expression EQ expression .)
    GT              reduce using rule 7 (expression -> expression EQ expression .)
    LT              reduce using rule 7 (expression -> expression EQ expression .)
    EQ              reduce using rule 7 (expression -> expression EQ expression .)
    $end            reduce using rule 7 (expression -> expression EQ expression .)
    RPAREN          reduce using rule 7 (expression -> expression EQ expression .)
    COMMA           reduce using rule 7 (expression -> expression EQ expression .)

  ! PLUS            [ shift and go to state 12 ]
  ! MINUS           [ shift and go to state 13 ]
  ! TIMES           [ shift and go to state 14 ]
  ! DIVIDE          [ shift and go to state 15 ]
  ! GT              [ shift and go to state 16 ]
  ! LT              [ shift and go to state 17 ]
  ! EQ              [ shift and go to state 18 ]


state 33

    (17) expression -> DIVIDE LPAREN expression . COMMA expression RPAREN
    (1) expression -> expression . PLUS expression
    (2) expression -> expression . MINUS expression
    (3) expression -> expression . TIMES expression
    (4) expression -> expression . DIVIDE expression
    (5) expression -> expression . GT expression
    (6) expression -> expression . LT expression
    (7) expression -> expression . EQ expression

    COMMA           shift and go to state 40
    PLUS            shift and go to state 12
    MINUS           shift and go to state 13
    TIMES           shift and go to state 14
    DIVIDE          shift and go to state 15
    GT              shift and go to state 16
    LT              shift and go to state 17
    EQ              shift and go to state 18


state 34

    (8) expression -> LPAREN expression RPAREN .

    PLUS            reduce using rule 8 (expression -> LPAREN expression RPAREN .)
    MINUS           reduce using rule 8 (expression -> LPAREN expression RPAREN .)
    TIMES           reduce using rule 8 (expression -> LPAREN expression RPAREN .)
    DIVIDE          reduce using rule 8 (expression -> LPAREN expression RPAREN .)
    GT              reduce using rule 8 (expression -> LPAREN expression RPAREN .)
    LT              reduce using rule 8 (expression -> LPAREN expression RPAREN .)
    EQ              reduce using rule 8 (expression -> LPAREN expression RPAREN .)
    $end            reduce using rule 8 (expression -> LPAREN expression RPAREN .)
    RPAREN          reduce using rule 8 (expression -> LPAREN expression RPAREN .)
    COMMA           reduce using rule 8 (expression -> LPAREN expression RPAREN .)


state 35

    (12) expression -> IF LPAREN expression . COMMA expression COMMA expression RPAREN
    (1) expression -> expression . PLUS expression
    (2) expression -> expression . MINUS expression
    (3) expression -> expression . TIMES expression
    (4) expression -> expression . DIVIDE expression
    (5) expression -> expression . GT expression
    (6) expression -> expression . LT expression
    (7) expression -> expression . EQ expression

    COMMA           shift and go to state 41
    PLUS            shift and go to state 12
    MINUS           shift and go to state 13
    TIMES           shift and go to state 14
    DIVIDE          shift and go to state 15
    GT              shift and go to state 16
    LT              shift and go to state 17
    EQ              shift and go to state 18


state 36

    (13) expression -> SUM LPAREN expression . COMMA expression RPAREN
    (1) expression -> expression . PLUS expression
    (2) expression -> expression . MINUS expression
    (3) expression -> expression . TIMES expression
    (4) expression -> expression . DIVIDE expression
    (5) expression -> expression . GT expression
    (6) expression -> expression . LT expression
    (7) expression -> expression . EQ expression

    COMMA           shift and go to state 42
    PLUS            shift and go to state 12
    MINUS           shift and go to state 13
    TIMES           shift and go to state 14
    DIVIDE          shift and go to state 15
    GT              shift and go to state 16
    LT              shift and go to state 17
    EQ              shift and go to state 18


state 37

    (14) expression -> SUBTRACT LPAREN expression . COMMA expression RPAREN
    (1) expression -> expression . PLUS expression
    (2) expression -> expression . MINUS expression
    (3) expression -> expression . TIMES expression
    (4) expression -> expression . DIVIDE expression
    (5) expression -> expression . GT expression
    (6) expression -> expression . LT expression
    (7) expression -> expression . EQ expression

    COMMA           shift and go to state 43
    PLUS            shift and go to state 12
    MINUS           shift and go to state 13
    TIMES           shift and go to state 14
    DIVIDE          shift and go to state 15
    GT              shift and go to state 16
    LT              shift and go to state 17
    EQ              shift and go to state 18


state 38

    (15) expression -> ADD LPAREN expression . COMMA expression RPAREN
    (1) expression -> expression . PLUS expression
    (2) expression -> expression . MINUS expression
    (3) expression -> expression . TIMES expression
    (4) expression -> expression . DIVIDE expression
    (5) expression -> expression . GT expression
    (6) expression -> expression . LT expression
    (7) expression -> expression . EQ expression

    COMMA           shift and go to state 44
    PLUS            shift and go to state 12
    MINUS           shift and go to state 13
    TIMES           shift and go to state 14
    DIVIDE          shift and go to state 15
    GT              shift and go to state 16
    LT              shift and go to state 17
    EQ              shift and go to state 18


state 39

    (16) expression -> MULTIPLY LPAREN expression . COMMA expression RPAREN
    (1) expression -> expression . PLUS expression
    (2) expression -> expression . MINUS expression
    (3) expression -> expression . TIMES expression
    (4) expression -> expression . DIVIDE expression
    (5) expression -> expression . GT expression
    (6) expression -> expression . LT expression
    (7) expression -> expression . EQ expression

    COMMA           shift and go to state 45
    PLUS            shift and go to state 12
    MINUS           shift and go to state 13
    TIMES           shift and go to state 14
    DIVIDE          shift and go to state 15
    GT              shift and go to state 16
    LT              shift and go to state 17
    EQ              shift and go to state 18


state 40

    (17) expression -> DIVIDE LPAREN expression COMMA . expression RPAREN
    (1) expression -> . expression PLUS expression
    (2) expression -> . expression MINUS expression
    (3) expression -> . expression TIMES expression
    (4) expression -> . expression DIVIDE expression
    (5) expression -> . expression GT expression
    (6) expression -> . expression LT expression
    (7) expression -> . expression EQ expression
    (8) expression -> . LPAREN expression RPAREN
    (9) expression -> . COLUMN
    (10) expression -> . STRING
    (11) expression -> . NUMBER
    (12) expression -> . IF LPAREN expression COMMA expression COMMA expression RPAREN
    (13) expression -> . SUM LPAREN expression COMMA expression RPAREN
    (14) expression -> . SUBTRACT LPAREN expression COMMA expression RPAREN
    (15) expression -> . ADD LPAREN expression COMMA expression RPAREN
    (16) expression -> . MULTIPLY LPAREN expression COMMA expression RPAREN
    (17) expression -> . DIVIDE LPAREN expression COMMA expression RPAREN

    LPAREN          shift and go to state 3
    COLUMN          shift and go to state 4
    STRING          shift and go to state 5
    NUMBER          shift and go to state 6
    IF              shift and go to state 7
    SUM             shift and go to state 8
    SUBTRACT        shift and go to state 9
    ADD             shift and go to state 10
    MULTIPLY        shift and go to state 11
    DIVIDE          shift and go to state 2

    expression                     shift and go to state 46

state 41

    (12) expression -> IF LPAREN expression COMMA . expression COMMA expression RPAREN
    (1) expression -> . expression PLUS expression
    (2) expression -> . expression MINUS expression
    (3) expression -> . expression TIMES expression
    (4) expression -> . expression DIVIDE expression
    (5) expression -> . expression GT expression
    (6) expression -> . expression LT expression
    (7) expression -> . expression EQ expression
    (8) expression -> . LPAREN expression RPAREN
    (9) expression -> . COLUMN
    (10) expression -> . STRING
    (11) expression -> . NUMBER
    (12) expression -> . IF LPAREN expression COMMA expression COMMA expression RPAREN
    (13) expression -> . SUM LPAREN expression COMMA expression RPAREN
    (14) expression -> . SUBTRACT LPAREN expression COMMA expression RPAREN
    (15) expression -> . ADD LPAREN expression COMMA expression RPAREN
    (16) expression -> . MULTIPLY LPAREN expression COMMA expression RPAREN
    (17) expression -> . DIVIDE LPAREN expression COMMA expression RPAREN

    LPAREN          shift and go to state 3
    COLUMN          shift and go to state 4
    STRING          shift and go to state 5
    NUMBER          shift and go to state 6
    IF              shift and go to state 7
    SUM             shift and go to state 8
    SUBTRACT        shift and go to state 9
    ADD             shift and go to state 10
    MULTIPLY        shift and go to state 11
    DIVIDE          shift and go to state 2

    expression                     shift and go to state 47

state 42

    (13) expression -> SUM LPAREN expression COMMA . expression RPAREN
    (1) expression -> . expression PLUS expression
    (2) expression -> . expression MINUS expression
    (3) expression -> . expression TIMES expression
    (4) expression -> . expression DIVIDE expression
    (5) expression -> . expression GT expression
    (6) expression -> . expression LT expression
    (7) expression -> . expression EQ expression
    (8) expression -> . LPAREN expression RPAREN
    (9) expression -> . COLUMN
    (10) expression -> . STRING
    (11) expression -> . NUMBER
    (12) expression -> . IF LPAREN expression COMMA expression COMMA expression RPAREN
    (13) expression -> . SUM LPAREN expression COMMA expression RPAREN
    (14) expression -> . SUBTRACT LPAREN expression COMMA expression RPAREN
    (15) expression -> . ADD LPAREN expression COMMA expression RPAREN
    (16) expression -> . MULTIPLY LPAREN expression COMMA expression RPAREN
    (17) expression -> . DIVIDE LPAREN expression COMMA expression RPAREN

    LPAREN          shift and go to state 3
    COLUMN          shift and go to state 4
    STRING          shift and go to state 5
    NUMBER          shift and go to state 6
    IF              shift and go to state 7
    SUM             shift and go to state 8
    SUBTRACT        shift and go to state 9
    ADD             shift and go to state 10
    MULTIPLY        shift and go to state 11
    DIVIDE          shift and go to state 2

    expression                     shift and go to state 48

state 43

    (14) expression -> SUBTRACT LPAREN expression COMMA . expression RPAREN
    (1) expression -> . expression PLUS expression
    (2) expression -> . expression MINUS expression
    (3) expression -> . expression TIMES expression
    (4) expression -> . expression DIVIDE expression
    (5) expression -> . expression GT expression
    (6) expression -> . expression LT expression
    (7) expression -> . expression EQ expression
    (8) expression -> . LPAREN expression RPAREN
    (9) expression -> . COLUMN
    (10) expression -> . STRING
    (11) expression -> . NUMBER
    (12) expression -> . IF LPAREN expression COMMA expression COMMA expression RPAREN
    (13) expression -> . SUM LPAREN expression COMMA expression RPAREN
    (14) expression -> . SUBTRACT LPAREN expression COMMA expression RPAREN
    (15) expression -> . ADD LPAREN expression COMMA expression RPAREN
    (16) expression -> . MULTIPLY LPAREN expression COMMA expression RPAREN
    (17) expression -> . DIVIDE LPAREN expression COMMA expression RPAREN

    LPAREN          shift and go to state 3
    COLUMN          shift and go to state 4
    STRING          shift and go to state 5
    NUMBER          shift and go to state 6
    IF              shift and go to state 7
    SUM             shift and go to state 8
    SUBTRACT        shift and go to state 9
    ADD             shift and go to state 10
    MULTIPLY        shift and go to state 11
    DIVIDE          shift and go to state 2

    expression                     shift and go to state 49

state 44

    (15) expression -> ADD LPAREN expression COMMA . expression RPAREN
    (1) expression -> . expression PLUS expression
    (2) expression -> . expression MINUS expression
    (3) expression -> . expression TIMES expression
    (4) expression -> . expression DIVIDE expression
    (5) expression -> . expression GT expression
    (6) expression -> . expression LT expression
    (7) expression -> . expression EQ expression
    (8) expression -> . LPAREN expression RPAREN
    (9) expression -> . COLUMN
    (10) expression -> . STRING
    (11) expression -> . NUMBER
    (12) expression -> . IF LPAREN expression COMMA expression COMMA expression RPAREN
    (13) expression -> . SUM LPAREN expression COMMA expression RPAREN
    (14) expression -> . SUBTRACT LPAREN expression COMMA expression RPAREN
    (15) expression -> . ADD LPAREN expression COMMA expression RPAREN
    (16) expression -> . MULTIPLY LPAREN expression COMMA expression RPAREN
    (17) expression -> . DIVIDE LPAREN expression COMMA expression RPAREN

    LPAREN          shift and go to state 3
    COLUMN          shift and go to state 4
    STRING          shift and go to state 5
    NUMBER          shift and go to state 6
    IF              shift and go to state 7
    SUM             shift and go to state 8
    SUBTRACT        shift and go to state 9
    ADD             shift and go to state 10
    MULTIPLY        shift and go to state 11
    DIVIDE          shift and go to state 2

    expression                     shift and go to state 50

state 45

    (16) expression -> MULTIPLY LPAREN expression COMMA . expression RPAREN
    (1) expression -> . expression PLUS expression
    (2) expression -> . expression MINUS expression
    (3) expression -> . expression TIMES expression
    (4) expression -> . expression DIVIDE expression
    (5) expression -> . expression GT expression
    (6) expression -> . expression LT expression
    (7) expression -> . expression EQ expression
    (8) expression -> . LPAREN expression RPAREN
    (9) expression -> . COLUMN
    (10) expression -> . STRING
    (11) expression -> . NUMBER
    (12) expression -> . IF LPAREN expression COMMA expression COMMA expression RPAREN
    (13) expression -> . SUM LPAREN expression COMMA expression RPAREN
    (14) expression -> . SUBTRACT LPAREN expression COMMA expression RPAREN
    (15) expression -> . ADD LPAREN expression COMMA expression RPAREN
    (16) expression -> . MULTIPLY LPAREN expression COMMA expression RPAREN
    (17) expression -> . DIVIDE LPAREN expression COMMA expression RPAREN

    LPAREN          shift and go to state 3
    COLUMN          shift and go to state 4
    STRING          shift and go to state 5
    NUMBER          shift and go to state 6
    IF              shift and go to state 7
    SUM             shift and go to state 8
    SUBTRACT        shift and go to state 9
    ADD             shift and go to state 10
    MULTIPLY        shift and go to state 11
    DIVIDE          shift and go to state 2

    expression                     shift and go to state 51

state 46

    (17) expression -> DIVIDE LPAREN expression COMMA expression . RPAREN
    (1) expression -> expression . PLUS expression
    (2) expression -> expression . MINUS expression
    (3) expression -> expression . TIMES expression
    (4) expression -> expression . DIVIDE expression
    (5) expression -> expression . GT expression
    (6) expression -> expression . LT expression
    (7) expression -> expression . EQ expression

    RPAREN          shift and go to state 52
    PLUS            shift and go to state 12
    MINUS           shift and go to state 13
    TIMES           shift and go to state 14
    DIVIDE          shift and go to state 15
    GT              shift and go to state 16
    LT              shift and go to state 17
    EQ              shift and go to state 18


state 47

    (12) expression -> IF LPAREN expression COMMA expression . COMMA expression RPAREN
    (1) expression -> expression . PLUS expression
    (2) expression -> expression . MINUS expression
    (3) expression -> expression . TIMES expression
    (4) expression -> expression . DIVIDE expression
    (5) expression -> expression . GT expression
    (6) expression -> expression . LT expression
    (7) expression -> expression . EQ expression

    COMMA           shift and go to state 53
    PLUS            shift and go to state 12
    MINUS           shift and go to state 13
    TIMES           shift and go to state 14
    DIVIDE          shift and go to state 15
    GT              shift and go to state 16
    LT              shift and go to state 17
    EQ              shift and go to state 18


state 48

    (13) expression -> SUM LPAREN expression COMMA expression . RPAREN
    (1) expression -> expression . PLUS expression
    (2) expression -> expression . MINUS expression
    (3) expression -> expression . TIMES expression
    (4) expression -> expression . DIVIDE expression
    (5) expression -> expression . GT expression
    (6) expression -> expression . LT expression
    (7) expression -> expression . EQ expression

    RPAREN          shift and go to state 54
    PLUS            shift and go to state 12
    MINUS           shift and go to state 13
    TIMES           shift and go to state 14
    DIVIDE          shift and go to state 15
    GT              shift and go to state 16
    LT              shift and go to state 17
    EQ              shift and go to state 18


state 49

    (14) expression -> SUBTRACT LPAREN expression COMMA expression . RPAREN
    (1) expression -> expression . PLUS expression
    (2) expression -> expression . MINUS expression
    (3) expression -> expression . TIMES expression
    (4) expression -> expression . DIVIDE expression
    (5) expression -> expression . GT expression
    (6) expression -> expression . LT expression
    (7) expression -> expression . EQ expression

    RPAREN          shift and go to state 55
    PLUS            shift and go to state 12
    MINUS           shift and go to state 13
    TIMES           shift and go to state 14
    DIVIDE          shift and go to state 15
    GT              shift and go to state 16
    LT              shift and go to state 17
    EQ              shift and go to state 18


state 50

    (15) expression -> ADD LPAREN expression COMMA expression . RPAREN
    (1) expression -> expression . PLUS expression
    (2) expression -> expression . MINUS expression
    (3) expression -> expression . TIMES expression
    (4) expression -> expression . DIVIDE expression
    (5) expression -> expression . GT expression
    (6) expression -> expression . LT expression
    (7) expression -> expression . EQ expression

    RPAREN          shift and go to state 56
    PLUS            shift and go to state 12
    MINUS           shift and go to state 13
    TIMES           shift and go to state 14
    DIVIDE          shift and go to state 15
    GT              shift and go to state 16
    LT              shift and go to state 17
    EQ              shift and go to state 18


state 51

    (16) expression -> MULTIPLY LPAREN expression COMMA expression . RPAREN
    (1) expression -> expression . PLUS expression
    (2) expression -> expression . MINUS expression
    (3) expression -> expression . TIMES expression
    (4) expression -> expression . DIVIDE expression
    (5) expression -> expression . GT expression
    (6) expression -> expression . LT expression
    (7) expression -> expression . EQ expression

    RPAREN          shift and go to state 57
    PLUS            shift and go to state 12
    MINUS           shift and go to state 13
    TIMES           shift and go to state 14
    DIVIDE          shift and go to state 15
    GT              shift and go to state 16
    LT              shift and go to state 17
    EQ              shift and go to state 18


state 52

    (17) expression -> DIVIDE LPAREN expression COMMA expression RPAREN .

    PLUS            reduce using rule 17 (expression -> DIVIDE LPAREN expression COMMA expression RPAREN .)
    MINUS           reduce using rule 17 (expression -> DIVIDE LPAREN expression COMMA expression RPAREN .)
    TIMES           reduce using rule 17 (expression -> DIVIDE LPAREN expression COMMA expression RPAREN .)
    DIVIDE          reduce using rule 17 (expression -> DIVIDE LPAREN expression COMMA expression RPAREN .)
    GT              reduce using rule 17 (expression -> DIVIDE LPAREN expression COMMA expression RPAREN .)
    LT              reduce using rule 17 (expression -> DIVIDE LPAREN expression COMMA expression RPAREN .)
    EQ              reduce using rule 17 (expression -> DIVIDE LPAREN expression COMMA expression RPAREN .)
    $end            reduce using rule 17 (expression -> DIVIDE LPAREN expression COMMA expression RPAREN .)
    RPAREN          reduce using rule 17 (expression -> DIVIDE LPAREN expression COMMA expression RPAREN .)
    COMMA           reduce using rule 17 (expression -> DIVIDE LPAREN expression COMMA expression RPAREN .)


state 53

    (12) expression -> IF LPAREN expression COMMA expression COMMA . expression RPAREN
    (1) expression -> . expression PLUS expression
    (2) expression -> . expression MINUS expression
    (3) expression -> . expression TIMES expression
    (4) expression -> . expression DIVIDE expression
    (5) expression -> . expression GT expression
    (6) expression -> . expression LT expression
    (7) expression -> . expression EQ expression
    (8) expression -> . LPAREN expression RPAREN
    (9) expression -> . COLUMN
    (10) expression -> . STRING
    (11) expression -> . NUMBER
    (12) expression -> . IF LPAREN expression COMMA expression COMMA expression RPAREN
    (13) expression -> . SUM LPAREN expression COMMA expression RPAREN
    (14) expression -> . SUBTRACT LPAREN expression COMMA expression RPAREN
    (15) expression -> . ADD LPAREN expression COMMA expression RPAREN
    (16) expression -> . MULTIPLY LPAREN expression COMMA expression RPAREN
    (17) expression -> . DIVIDE LPAREN expression COMMA expression RPAREN

    LPAREN          shift and go to state 3
    COLUMN          shift and go to state 4
    STRING          shift and go to state 5
    NUMBER          shift and go to state 6
    IF              shift and go to state 7
    SUM             shift and go to state 8
    SUBTRACT        shift and go to state 9
    ADD             shift and go to state 10
    MULTIPLY        shift and go to state 11
    DIVIDE          shift and go to state 2

    expression                     shift and go to state 58

state 54

    (13) expression -> SUM LPAREN expression COMMA expression RPAREN .

    PLUS            reduce using rule 13 (expression -> SUM LPAREN expression COMMA expression RPAREN .)
    MINUS           reduce using rule 13 (expression -> SUM LPAREN expression COMMA expression RPAREN .)
    TIMES           reduce using rule 13 (expression -> SUM LPAREN expression COMMA expression RPAREN .)
    DIVIDE          reduce using rule 13 (expression -> SUM LPAREN expression COMMA expression RPAREN .)
    GT              reduce using rule 13 (expression -> SUM LPAREN expression COMMA expression RPAREN .)
    LT              reduce using rule 13 (expression -> SUM LPAREN expression COMMA expression RPAREN .)
    EQ              reduce using rule 13 (expression -> SUM LPAREN expression COMMA expression RPAREN .)
    $end            reduce using rule 13 (expression -> SUM LPAREN expression COMMA expression RPAREN .)
    RPAREN          reduce using rule 13 (expression -> SUM LPAREN expression COMMA expression RPAREN .)
    COMMA           reduce using rule 13 (expression -> SUM LPAREN expression COMMA expression RPAREN .)


state 55

    (14) expression -> SUBTRACT LPAREN expression COMMA expression RPAREN .

    PLUS            reduce using rule 14 (expression -> SUBTRACT LPAREN expression COMMA expression RPAREN .)
    MINUS           reduce using rule 14 (expression -> SUBTRACT LPAREN expression COMMA expression RPAREN .)
    TIMES           reduce using rule 14 (expression -> SUBTRACT LPAREN expression COMMA expression RPAREN .)
    DIVIDE          reduce using rule 14 (expression -> SUBTRACT LPAREN expression COMMA expression RPAREN .)
    GT              reduce using rule 14 (expression -> SUBTRACT LPAREN expression COMMA expression RPAREN .)
    LT              reduce using rule 14 (expression -> SUBTRACT LPAREN expression COMMA expression RPAREN .)
    EQ              reduce using rule 14 (expression -> SUBTRACT LPAREN expression COMMA expression RPAREN .)
    $end            reduce using rule 14 (expression -> SUBTRACT LPAREN expression COMMA expression RPAREN .)
    RPAREN          reduce using rule 14 (expression -> SUBTRACT LPAREN expression COMMA expression RPAREN .)
    COMMA           reduce using rule 14 (expression -> SUBTRACT LPAREN expression COMMA expression RPAREN .)


state 56

    (15) expression -> ADD LPAREN expression COMMA expression RPAREN .

    PLUS            reduce using rule 15 (expression -> ADD LPAREN expression COMMA expression RPAREN .)
    MINUS           reduce using rule 15 (expression -> ADD LPAREN expression COMMA expression RPAREN .)
    TIMES           reduce using rule 15 (expression -> ADD LPAREN expression COMMA expression RPAREN .)
    DIVIDE          reduce using rule 15 (expression -> ADD LPAREN expression COMMA expression RPAREN .)
    GT              reduce using rule 15 (expression -> ADD LPAREN expression COMMA expression RPAREN .)
    LT              reduce using rule 15 (expression -> ADD LPAREN expression COMMA expression RPAREN .)
    EQ              reduce using rule 15 (expression -> ADD LPAREN expression COMMA expression RPAREN .)
    $end            reduce using rule 15 (expression -> ADD LPAREN expression COMMA expression RPAREN .)
    RPAREN          reduce using rule 15 (expression -> ADD LPAREN expression COMMA expression RPAREN .)
    COMMA           reduce using rule 15 (expression -> ADD LPAREN expression COMMA expression RPAREN .)


state 57

    (16) expression -> MULTIPLY LPAREN expression COMMA expression RPAREN .

    PLUS            reduce using rule 16 (expression -> MULTIPLY LPAREN expression COMMA expression RPAREN .)
    MINUS           reduce using rule 16 (expression -> MULTIPLY LPAREN expression COMMA expression RPAREN .)
    TIMES           reduce using rule 16 (expression -> MULTIPLY LPAREN expression COMMA expression RPAREN .)
    DIVIDE          reduce using rule 16 (expression -> MULTIPLY LPAREN expression COMMA expression RPAREN .)
    GT              reduce using rule 16 (expression -> MULTIPLY LPAREN expression COMMA expression RPAREN .)
    LT              reduce using rule 16 (expression -> MULTIPLY LPAREN expression COMMA expression RPAREN .)
    EQ              reduce using rule 16 (expression -> MULTIPLY LPAREN expression COMMA expression RPAREN .)
    $end            reduce using rule 16 (expression -> MULTIPLY LPAREN expression COMMA expression RPAREN .)
    RPAREN          reduce using rule 16 (expression -> MULTIPLY LPAREN expression COMMA expression RPAREN .)
    COMMA           reduce using rule 16 (expression -> MULTIPLY LPAREN expression COMMA expression RPAREN .)


state 58

    (12) expression -> IF LPAREN expression COMMA expression COMMA expression . RPAREN
    (1) expression -> expression . PLUS expression
    (2) expression -> expression . MINUS expression
    (3) expression -> expression . TIMES expression
    (4) expression -> expression . DIVIDE expression
    (5) expression -> expression . GT expression
    (6) expression -> expression . LT expression
    (7) expression -> expression . EQ expression

    RPAREN          shift and go to state 59
    PLUS            shift and go to state 12
    MINUS           shift and go to state 13
    TIMES           shift and go to state 14
    DIVIDE          shift and go to state 15
    GT              shift and go to state 16
    LT              shift and go to state 17
    EQ              shift and go to state 18


state 59

    (12) expression -> IF LPAREN expression COMMA expression COMMA expression RPAREN .

    PLUS            reduce using rule 12 (expression -> IF LPAREN expression COMMA expression COMMA expression RPAREN .)
    MINUS           reduce using rule 12 (expression -> IF LPAREN expression COMMA expression COMMA expression RPAREN .)
    TIMES           reduce using rule 12 (expression -> IF LPAREN expression COMMA expression COMMA expression RPAREN .)
    DIVIDE          reduce using rule 12 (expression -> IF LPAREN expression COMMA expression COMMA expression RPAREN .)
    GT              reduce using rule 12 (expression -> IF LPAREN expression COMMA expression COMMA expression RPAREN .)
    LT              reduce using rule 12 (expression -> IF LPAREN expression COMMA expression COMMA expression RPAREN .)
    EQ              reduce using rule 12 (expression -> IF LPAREN expression COMMA expression COMMA expression RPAREN .)
    $end            reduce using rule 12 (expression -> IF LPAREN expression COMMA expression COMMA expression RPAREN .)
    RPAREN          reduce using rule 12 (expression -> IF LPAREN expression COMMA expression COMMA expression RPAREN .)
    COMMA           reduce using rule 12 (expression -> IF LPAREN expression COMMA expression COMMA expression RPAREN .)

